<?xml version="1.0" encoding="UTF-8"?>
<coverage generated="1708340893010" clover="3.2.0">
  <project timestamp="1708340893010" name="All files">
    <metrics statements="63" coveredstatements="52" conditionals="42" coveredconditionals="24" methods="14" coveredmethods="14" elements="119" coveredelements="90" complexity="0" loc="63" ncloc="63" packages="3" files="3" classes="3"/>
    <package name="pages.WantToSeePage.model.selectors">
      <metrics statements="11" coveredstatements="11" conditionals="16" coveredconditionals="9" methods="6" coveredmethods="6"/>
      <file name="getMovies.js" path="C:\Users\Акакий Мелкий\Desktop\movie-catalog\src\pages\WantToSeePage\model\selectors\getMovies.js">
        <metrics statements="11" coveredstatements="11" conditionals="16" coveredconditionals="9" methods="6" coveredmethods="6"/>
        <line num="1" count="1" type="cond" truecount="3" falsecount="0"/>
        <line num="2" count="1" type="stmt"/>
        <line num="3" count="1" type="cond" truecount="1" falsecount="2"/>
        <line num="4" count="1" type="stmt"/>
        <line num="5" count="1" type="cond" truecount="1" falsecount="2"/>
        <line num="6" count="1" type="stmt"/>
        <line num="7" count="1" type="cond" truecount="1" falsecount="2"/>
        <line num="8" count="1" type="stmt"/>
        <line num="9" count="1" type="cond" truecount="2" falsecount="0"/>
        <line num="10" count="2" type="cond" truecount="1" falsecount="1"/>
        <line num="11" count="2" type="stmt"/>
      </file>
    </package>
    <package name="widgets.FormateTimeFunction">
      <metrics statements="50" coveredstatements="39" conditionals="14" coveredconditionals="7" methods="4" coveredmethods="4"/>
      <file name="getFormateTime.js" path="C:\Users\Акакий Мелкий\Desktop\movie-catalog\src\widgets\FormateTimeFunction\getFormateTime.js">
        <metrics statements="50" coveredstatements="39" conditionals="14" coveredconditionals="7" methods="4" coveredmethods="4"/>
        <line num="1" count="1" type="cond" truecount="2" falsecount="0"/>
        <line num="2" count="3" type="cond" truecount="1" falsecount="0"/>
        <line num="3" count="2" type="stmt"/>
        <line num="4" count="2" type="cond" truecount="1" falsecount="0"/>
        <line num="5" count="1" type="stmt"/>
        <line num="6" count="1" type="stmt"/>
        <line num="7" count="1" type="stmt"/>
        <line num="8" count="1" type="cond" truecount="1" falsecount="0"/>
        <line num="9" count="1" type="stmt"/>
        <line num="10" count="1" type="stmt"/>
        <line num="11" count="1" type="stmt"/>
        <line num="12" count="1" type="cond" truecount="0" falsecount="1"/>
        <line num="13" count="0" type="stmt"/>
        <line num="14" count="1" type="cond" truecount="0" falsecount="1"/>
        <line num="15" count="0" type="stmt"/>
        <line num="16" count="1" type="stmt"/>
        <line num="17" count="1" type="stmt"/>
        <line num="18" count="1" type="cond" truecount="0" falsecount="1"/>
        <line num="19" count="0" type="stmt"/>
        <line num="20" count="0" type="stmt"/>
        <line num="21" count="1" type="stmt"/>
        <line num="22" count="1" type="stmt"/>
        <line num="23" count="1" type="cond" truecount="1" falsecount="0"/>
        <line num="24" count="1" type="stmt"/>
        <line num="25" count="1" type="stmt"/>
        <line num="26" count="1" type="stmt"/>
        <line num="27" count="1" type="cond" truecount="0" falsecount="2"/>
        <line num="28" count="0" type="stmt"/>
        <line num="29" count="1" type="stmt"/>
        <line num="30" count="1" type="stmt"/>
        <line num="31" count="1" type="cond" truecount="0" falsecount="1"/>
        <line num="32" count="0" type="stmt"/>
        <line num="33" count="0" type="stmt"/>
        <line num="34" count="0" type="stmt"/>
        <line num="35" count="0" type="stmt"/>
        <line num="36" count="1" type="stmt"/>
        <line num="37" count="1" type="stmt"/>
        <line num="38" count="1" type="stmt"/>
        <line num="39" count="1" type="stmt"/>
        <line num="40" count="1" type="stmt"/>
        <line num="41" count="1" type="stmt"/>
        <line num="42" count="1" type="stmt"/>
        <line num="43" count="1" type="stmt"/>
        <line num="44" count="1" type="stmt"/>
        <line num="45" count="3" type="cond" truecount="0" falsecount="1"/>
        <line num="46" count="0" type="stmt"/>
        <line num="47" count="0" type="cond" truecount="1" falsecount="0"/>
        <line num="48" count="1" type="stmt"/>
        <line num="49" count="1" type="stmt"/>
        <line num="50" count="1" type="stmt"/>
      </file>
    </package>
    <package name="widgets.HandlersMovie.model.selectors">
      <metrics statements="2" coveredstatements="2" conditionals="12" coveredconditionals="8" methods="4" coveredmethods="4"/>
      <file name="getUserData.js" path="C:\Users\Акакий Мелкий\Desktop\movie-catalog\src\widgets\HandlersMovie\model\selectors\getUserData.js">
        <metrics statements="2" coveredstatements="2" conditionals="12" coveredconditionals="8" methods="4" coveredmethods="4"/>
        <line num="1" count="1" type="cond" truecount="3" falsecount="3"/>
        <line num="2" count="1" type="cond" truecount="5" falsecount="1"/>
      </file>
    </package>
  </project>
</coverage>
