{"C:\\Users\\Акакий Мелкий\\Desktop\\movie-catalog\\src\\pages\\WantToSeePage\\model\\selectors\\getMovies.js": {"path":"C:\\Users\\Акакий Мелкий\\Desktop\\movie-catalog\\src\\pages\\WantToSeePage\\model\\selectors\\getMovies.js","all":false,"statementMap":{"0":{"start":{"line":1,"column":0},"end":{"line":1,"column":50}},"1":{"start":{"line":2,"column":0},"end":{"line":2,"column":0}},"2":{"start":{"line":3,"column":0},"end":{"line":3,"column":75}},"3":{"start":{"line":4,"column":0},"end":{"line":4,"column":0}},"4":{"start":{"line":5,"column":0},"end":{"line":5,"column":71}},"5":{"start":{"line":6,"column":0},"end":{"line":6,"column":0}},"6":{"start":{"line":7,"column":0},"end":{"line":7,"column":75}},"7":{"start":{"line":8,"column":0},"end":{"line":8,"column":0}},"8":{"start":{"line":9,"column":0},"end":{"line":9,"column":89}},"9":{"start":{"line":10,"column":0},"end":{"line":10,"column":48}},"10":{"start":{"line":11,"column":0},"end":{"line":11,"column":3}}},"s":{"0":1,"1":1,"2":1,"3":1,"4":1,"5":1,"6":1,"7":1,"8":1,"9":2,"10":2},"branchMap":{"0":{"type":"branch","line":1,"loc":{"start":{"line":1,"column":0},"end":{"line":1,"column":31}},"locations":[{"start":{"line":1,"column":0},"end":{"line":1,"column":31}}]},"1":{"type":"branch","line":1,"loc":{"start":{"line":1,"column":0},"end":{"line":1,"column":31}},"locations":[{"start":{"line":1,"column":0},"end":{"line":1,"column":31}}]},"2":{"type":"branch","line":1,"loc":{"start":{"line":1,"column":0},"end":{"line":1,"column":31}},"locations":[{"start":{"line":1,"column":0},"end":{"line":1,"column":31}}]},"3":{"type":"branch","line":3,"loc":{"start":{"line":3,"column":30},"end":{"line":3,"column":75}},"locations":[{"start":{"line":3,"column":30},"end":{"line":3,"column":75}}]},"4":{"type":"branch","line":3,"loc":{"start":{"line":3,"column":41},"end":{"line":3,"column":48}},"locations":[{"start":{"line":3,"column":41},"end":{"line":3,"column":48}}]},"5":{"type":"branch","line":3,"loc":{"start":{"line":3,"column":41},"end":{"line":3,"column":48}},"locations":[{"start":{"line":3,"column":41},"end":{"line":3,"column":48}}]},"6":{"type":"branch","line":5,"loc":{"start":{"line":5,"column":29},"end":{"line":5,"column":71}},"locations":[{"start":{"line":5,"column":29},"end":{"line":5,"column":71}}]},"7":{"type":"branch","line":5,"loc":{"start":{"line":5,"column":40},"end":{"line":5,"column":47}},"locations":[{"start":{"line":5,"column":40},"end":{"line":5,"column":47}}]},"8":{"type":"branch","line":5,"loc":{"start":{"line":5,"column":40},"end":{"line":5,"column":47}},"locations":[{"start":{"line":5,"column":40},"end":{"line":5,"column":47}}]},"9":{"type":"branch","line":7,"loc":{"start":{"line":7,"column":36},"end":{"line":7,"column":75}},"locations":[{"start":{"line":7,"column":36},"end":{"line":7,"column":75}}]},"10":{"type":"branch","line":7,"loc":{"start":{"line":7,"column":47},"end":{"line":7,"column":54}},"locations":[{"start":{"line":7,"column":47},"end":{"line":7,"column":54}}]},"11":{"type":"branch","line":7,"loc":{"start":{"line":7,"column":47},"end":{"line":7,"column":54}},"locations":[{"start":{"line":7,"column":47},"end":{"line":7,"column":54}}]},"12":{"type":"branch","line":9,"loc":{"start":{"line":9,"column":68},"end":{"line":11,"column":3}},"locations":[{"start":{"line":9,"column":68},"end":{"line":11,"column":3}}]},"13":{"type":"branch","line":9,"loc":{"start":{"line":9,"column":80},"end":{"line":11,"column":3}},"locations":[{"start":{"line":9,"column":80},"end":{"line":11,"column":3}}]},"14":{"type":"branch","line":10,"loc":{"start":{"line":10,"column":9},"end":{"line":10,"column":17}},"locations":[{"start":{"line":10,"column":9},"end":{"line":10,"column":17}}]},"15":{"type":"branch","line":10,"loc":{"start":{"line":10,"column":22},"end":{"line":10,"column":48}},"locations":[{"start":{"line":10,"column":22},"end":{"line":10,"column":48}}]}},"b":{"0":[1],"1":[1],"2":[2],"3":[2],"4":[0],"5":[0],"6":[1],"7":[0],"8":[0],"9":[1],"10":[0],"11":[0],"12":[2],"13":[2],"14":[0],"15":[3]},"fnMap":{"0":{"name":"getFirstMovie","decl":{"start":{"line":1,"column":0},"end":{"line":1,"column":31}},"loc":{"start":{"line":1,"column":0},"end":{"line":1,"column":31}},"line":1},"1":{"name":"getMovieForWantToSee","decl":{"start":{"line":1,"column":0},"end":{"line":1,"column":31}},"loc":{"start":{"line":1,"column":0},"end":{"line":1,"column":31}},"line":1},"2":{"name":"getSortedMovie","decl":{"start":{"line":1,"column":0},"end":{"line":1,"column":31}},"loc":{"start":{"line":1,"column":0},"end":{"line":1,"column":31}},"line":1},"3":{"name":"getMovieForCollection","decl":{"start":{"line":3,"column":30},"end":{"line":3,"column":75}},"loc":{"start":{"line":3,"column":30},"end":{"line":3,"column":75}},"line":3},"4":{"name":"getFirstMovie","decl":{"start":{"line":5,"column":29},"end":{"line":5,"column":71}},"loc":{"start":{"line":5,"column":29},"end":{"line":5,"column":71}},"line":5},"5":{"name":"getMovieForWantToSee","decl":{"start":{"line":7,"column":36},"end":{"line":7,"column":75}},"loc":{"start":{"line":7,"column":36},"end":{"line":7,"column":75}},"line":7}},"f":{"0":1,"1":1,"2":2,"3":2,"4":1,"5":1}}
,"C:\\Users\\Акакий Мелкий\\Desktop\\movie-catalog\\src\\widgets\\FormateTimeFunction\\getFormateTime.js": {"path":"C:\\Users\\Акакий Мелкий\\Desktop\\movie-catalog\\src\\widgets\\FormateTimeFunction\\getFormateTime.js","all":false,"statementMap":{"0":{"start":{"line":1,"column":0},"end":{"line":1,"column":49}},"1":{"start":{"line":2,"column":0},"end":{"line":2,"column":17}},"2":{"start":{"line":3,"column":0},"end":{"line":3,"column":14}},"3":{"start":{"line":4,"column":0},"end":{"line":4,"column":3}},"4":{"start":{"line":5,"column":0},"end":{"line":5,"column":39}},"5":{"start":{"line":6,"column":0},"end":{"line":6,"column":38}},"6":{"start":{"line":7,"column":0},"end":{"line":7,"column":0}},"7":{"start":{"line":8,"column":0},"end":{"line":8,"column":38}},"8":{"start":{"line":9,"column":0},"end":{"line":9,"column":33}},"9":{"start":{"line":10,"column":0},"end":{"line":10,"column":38}},"10":{"start":{"line":11,"column":0},"end":{"line":11,"column":0}},"11":{"start":{"line":12,"column":0},"end":{"line":12,"column":53}},"12":{"start":{"line":13,"column":0},"end":{"line":13,"column":21}},"13":{"start":{"line":14,"column":0},"end":{"line":14,"column":33}},"14":{"start":{"line":15,"column":0},"end":{"line":15,"column":22}},"15":{"start":{"line":16,"column":0},"end":{"line":16,"column":50}},"16":{"start":{"line":17,"column":0},"end":{"line":17,"column":22}},"17":{"start":{"line":18,"column":0},"end":{"line":18,"column":12}},"18":{"start":{"line":19,"column":0},"end":{"line":19,"column":21}},"19":{"start":{"line":20,"column":0},"end":{"line":20,"column":5}},"20":{"start":{"line":21,"column":0},"end":{"line":21,"column":3}},"21":{"start":{"line":22,"column":0},"end":{"line":22,"column":0}},"22":{"start":{"line":23,"column":0},"end":{"line":23,"column":34}},"23":{"start":{"line":24,"column":0},"end":{"line":24,"column":31}},"24":{"start":{"line":25,"column":0},"end":{"line":25,"column":36}},"25":{"start":{"line":26,"column":0},"end":{"line":26,"column":0}},"26":{"start":{"line":27,"column":0},"end":{"line":27,"column":53}},"27":{"start":{"line":28,"column":0},"end":{"line":28,"column":21}},"28":{"start":{"line":29,"column":0},"end":{"line":29,"column":33}},"29":{"start":{"line":30,"column":0},"end":{"line":30,"column":19}},"30":{"start":{"line":31,"column":0},"end":{"line":31,"column":50}},"31":{"start":{"line":32,"column":0},"end":{"line":32,"column":20}},"32":{"start":{"line":33,"column":0},"end":{"line":33,"column":12}},"33":{"start":{"line":34,"column":0},"end":{"line":34,"column":21}},"34":{"start":{"line":35,"column":0},"end":{"line":35,"column":5}},"35":{"start":{"line":36,"column":0},"end":{"line":36,"column":3}},"36":{"start":{"line":37,"column":0},"end":{"line":37,"column":0}},"37":{"start":{"line":38,"column":0},"end":{"line":38,"column":25}},"38":{"start":{"line":39,"column":0},"end":{"line":39,"column":0}},"39":{"start":{"line":40,"column":0},"end":{"line":40,"column":18}},"40":{"start":{"line":41,"column":0},"end":{"line":41,"column":57}},"41":{"start":{"line":42,"column":0},"end":{"line":42,"column":31}},"42":{"start":{"line":43,"column":0},"end":{"line":43,"column":89}},"43":{"start":{"line":44,"column":0},"end":{"line":44,"column":5}},"44":{"start":{"line":45,"column":0},"end":{"line":45,"column":10}},"45":{"start":{"line":46,"column":0},"end":{"line":46,"column":81}},"46":{"start":{"line":47,"column":0},"end":{"line":47,"column":3}},"47":{"start":{"line":48,"column":0},"end":{"line":48,"column":0}},"48":{"start":{"line":49,"column":0},"end":{"line":49,"column":23}},"49":{"start":{"line":50,"column":0},"end":{"line":50,"column":1}}},"s":{"0":1,"1":3,"2":2,"3":2,"4":1,"5":1,"6":1,"7":1,"8":1,"9":1,"10":1,"11":1,"12":0,"13":1,"14":0,"15":1,"16":1,"17":1,"18":0,"19":0,"20":1,"21":1,"22":1,"23":1,"24":1,"25":1,"26":1,"27":0,"28":1,"29":1,"30":1,"31":0,"32":0,"33":0,"34":0,"35":1,"36":1,"37":1,"38":1,"39":1,"40":1,"41":1,"42":1,"43":1,"44":3,"45":0,"46":0,"47":1,"48":1,"49":1},"branchMap":{"0":{"type":"branch","line":1,"loc":{"start":{"line":1,"column":0},"end":{"line":1,"column":7}},"locations":[{"start":{"line":1,"column":0},"end":{"line":1,"column":7}}]},"1":{"type":"branch","line":1,"loc":{"start":{"line":1,"column":15},"end":{"line":50,"column":1}},"locations":[{"start":{"line":1,"column":15},"end":{"line":50,"column":1}}]},"2":{"type":"branch","line":2,"loc":{"start":{"line":2,"column":16},"end":{"line":4,"column":3}},"locations":[{"start":{"line":2,"column":16},"end":{"line":4,"column":3}}]},"3":{"type":"branch","line":4,"loc":{"start":{"line":4,"column":2},"end":{"line":45,"column":9}},"locations":[{"start":{"line":4,"column":2},"end":{"line":45,"column":9}}]},"4":{"type":"branch","line":45,"loc":{"start":{"line":45,"column":2},"end":{"line":47,"column":3}},"locations":[{"start":{"line":45,"column":2},"end":{"line":47,"column":3}}]},"5":{"type":"branch","line":47,"loc":{"start":{"line":47,"column":2},"end":{"line":50,"column":1}},"locations":[{"start":{"line":47,"column":2},"end":{"line":50,"column":1}}]},"6":{"type":"branch","line":8,"loc":{"start":{"line":8,"column":2},"end":{"line":21,"column":3}},"locations":[{"start":{"line":8,"column":2},"end":{"line":21,"column":3}}]},"7":{"type":"branch","line":12,"loc":{"start":{"line":12,"column":52},"end":{"line":14,"column":15}},"locations":[{"start":{"line":12,"column":52},"end":{"line":14,"column":15}}]},"8":{"type":"branch","line":14,"loc":{"start":{"line":14,"column":32},"end":{"line":16,"column":15}},"locations":[{"start":{"line":14,"column":32},"end":{"line":16,"column":15}}]},"9":{"type":"branch","line":18,"loc":{"start":{"line":18,"column":4},"end":{"line":20,"column":5}},"locations":[{"start":{"line":18,"column":4},"end":{"line":20,"column":5}}]},"10":{"type":"branch","line":23,"loc":{"start":{"line":23,"column":2},"end":{"line":36,"column":3}},"locations":[{"start":{"line":23,"column":2},"end":{"line":36,"column":3}}]},"11":{"type":"branch","line":27,"loc":{"start":{"line":27,"column":25},"end":{"line":27,"column":52}},"locations":[{"start":{"line":27,"column":25},"end":{"line":27,"column":52}}]},"12":{"type":"branch","line":27,"loc":{"start":{"line":27,"column":52},"end":{"line":29,"column":15}},"locations":[{"start":{"line":27,"column":52},"end":{"line":29,"column":15}}]},"13":{"type":"branch","line":31,"loc":{"start":{"line":31,"column":4},"end":{"line":35,"column":5}},"locations":[{"start":{"line":31,"column":4},"end":{"line":35,"column":5}}]}},"b":{"0":[3],"1":[3],"2":[2],"3":[1],"4":[0],"5":[1],"6":[1],"7":[0],"8":[0],"9":[0],"10":[1],"11":[0],"12":[0],"13":[0]},"fnMap":{"0":{"name":"default","decl":{"start":{"line":1,"column":0},"end":{"line":1,"column":7}},"loc":{"start":{"line":1,"column":0},"end":{"line":1,"column":7}},"line":1},"1":{"name":"getFormateTime","decl":{"start":{"line":1,"column":15},"end":{"line":50,"column":1}},"loc":{"start":{"line":1,"column":15},"end":{"line":50,"column":1}},"line":1},"2":{"name":"getMinutesFormat","decl":{"start":{"line":8,"column":2},"end":{"line":21,"column":3}},"loc":{"start":{"line":8,"column":2},"end":{"line":21,"column":3}},"line":8},"3":{"name":"getHoursFormat","decl":{"start":{"line":23,"column":2},"end":{"line":36,"column":3}},"loc":{"start":{"line":23,"column":2},"end":{"line":36,"column":3}},"line":23}},"f":{"0":3,"1":3,"2":1,"3":1}}
,"C:\\Users\\Акакий Мелкий\\Desktop\\movie-catalog\\src\\widgets\\HandlersMovie\\model\\selectors\\getUserData.js": {"path":"C:\\Users\\Акакий Мелкий\\Desktop\\movie-catalog\\src\\widgets\\HandlersMovie\\model\\selectors\\getUserData.js","all":false,"statementMap":{"0":{"start":{"line":1,"column":0},"end":{"line":1,"column":58}},"1":{"start":{"line":2,"column":0},"end":{"line":2,"column":69}}},"s":{"0":1,"1":1},"branchMap":{"0":{"type":"branch","line":1,"loc":{"start":{"line":1,"column":0},"end":{"line":1,"column":7}},"locations":[{"start":{"line":1,"column":0},"end":{"line":1,"column":7}}]},"1":{"type":"branch","line":1,"loc":{"start":{"line":1,"column":0},"end":{"line":1,"column":7}},"locations":[{"start":{"line":1,"column":0},"end":{"line":1,"column":7}}]},"2":{"type":"branch","line":1,"loc":{"start":{"line":1,"column":25},"end":{"line":1,"column":58}},"locations":[{"start":{"line":1,"column":25},"end":{"line":1,"column":58}}]},"3":{"type":"branch","line":1,"loc":{"start":{"line":1,"column":36},"end":{"line":1,"column":43}},"locations":[{"start":{"line":1,"column":36},"end":{"line":1,"column":43}}]},"4":{"type":"branch","line":1,"loc":{"start":{"line":1,"column":36},"end":{"line":1,"column":43}},"locations":[{"start":{"line":1,"column":36},"end":{"line":1,"column":43}}]},"5":{"type":"branch","line":1,"loc":{"start":{"line":1,"column":36},"end":{"line":1,"column":43}},"locations":[{"start":{"line":1,"column":36},"end":{"line":1,"column":43}}]},"6":{"type":"branch","line":2,"loc":{"start":{"line":2,"column":29},"end":{"line":2,"column":69}},"locations":[{"start":{"line":2,"column":29},"end":{"line":2,"column":69}}]},"7":{"type":"branch","line":2,"loc":{"start":{"line":2,"column":40},"end":{"line":2,"column":47}},"locations":[{"start":{"line":2,"column":40},"end":{"line":2,"column":47}}]},"8":{"type":"branch","line":2,"loc":{"start":{"line":2,"column":40},"end":{"line":2,"column":47}},"locations":[{"start":{"line":2,"column":40},"end":{"line":2,"column":47}}]},"9":{"type":"branch","line":2,"loc":{"start":{"line":2,"column":40},"end":{"line":2,"column":63}},"locations":[{"start":{"line":2,"column":40},"end":{"line":2,"column":63}}]},"10":{"type":"branch","line":2,"loc":{"start":{"line":2,"column":40},"end":{"line":2,"column":47}},"locations":[{"start":{"line":2,"column":40},"end":{"line":2,"column":47}}]},"11":{"type":"branch","line":2,"loc":{"start":{"line":2,"column":40},"end":{"line":2,"column":69}},"locations":[{"start":{"line":2,"column":40},"end":{"line":2,"column":69}}]}},"b":{"0":[3],"1":[1],"2":[1],"3":[0],"4":[0],"5":[0],"6":[3],"7":[0],"8":[1],"9":[2],"10":[2],"11":[1]},"fnMap":{"0":{"name":"getIsUserAuth","decl":{"start":{"line":1,"column":0},"end":{"line":1,"column":7}},"loc":{"start":{"line":1,"column":0},"end":{"line":1,"column":7}},"line":1},"1":{"name":"getUserId","decl":{"start":{"line":1,"column":0},"end":{"line":1,"column":7}},"loc":{"start":{"line":1,"column":0},"end":{"line":1,"column":7}},"line":1},"2":{"name":"getUserId","decl":{"start":{"line":1,"column":25},"end":{"line":1,"column":58}},"loc":{"start":{"line":1,"column":25},"end":{"line":1,"column":58}},"line":1},"3":{"name":"getIsUserAuth","decl":{"start":{"line":2,"column":29},"end":{"line":2,"column":69}},"loc":{"start":{"line":2,"column":29},"end":{"line":2,"column":69}},"line":2}},"f":{"0":3,"1":1,"2":1,"3":3}}
}
