TN:
SF:src\pages\WantToSeePage\model\selectors\getMovies.js
FN:1,getFirstMovie
FN:1,getMovieForWantToSee
FN:1,getSortedMovie
FN:3,getMovieForCollection
FN:5,getFirstMovie
FN:7,getMovieForWantToSee
FNF:6
FNH:6
FNDA:1,getFirstMovie
FNDA:1,getMovieForWantToSee
FNDA:2,getSortedMovie
FNDA:2,getMovieForCollection
FNDA:1,getFirstMovie
FNDA:1,getMovieForWantToSee
DA:1,1
DA:2,1
DA:3,1
DA:4,1
DA:5,1
DA:6,1
DA:7,1
DA:8,1
DA:9,1
DA:10,2
DA:11,2
LF:11
LH:11
BRDA:1,0,0,1
BRDA:1,1,0,1
BRDA:1,2,0,2
BRDA:3,3,0,2
BRDA:3,4,0,0
BRDA:3,5,0,0
BRDA:5,6,0,1
BRDA:5,7,0,0
BRDA:5,8,0,0
BRDA:7,9,0,1
BRDA:7,10,0,0
BRDA:7,11,0,0
BRDA:9,12,0,2
BRDA:9,13,0,2
BRDA:10,14,0,0
BRDA:10,15,0,3
BRF:16
BRH:9
end_of_record
TN:
SF:src\widgets\FormateTimeFunction\getFormateTime.js
FN:1,default
FN:1,getFormateTime
FN:8,getMinutesFormat
FN:23,getHoursFormat
FNF:4
FNH:4
FNDA:3,default
FNDA:3,getFormateTime
FNDA:1,getMinutesFormat
FNDA:1,getHoursFormat
DA:1,1
DA:2,3
DA:3,2
DA:4,2
DA:5,1
DA:6,1
DA:7,1
DA:8,1
DA:9,1
DA:10,1
DA:11,1
DA:12,1
DA:13,0
DA:14,1
DA:15,0
DA:16,1
DA:17,1
DA:18,1
DA:19,0
DA:20,0
DA:21,1
DA:22,1
DA:23,1
DA:24,1
DA:25,1
DA:26,1
DA:27,1
DA:28,0
DA:29,1
DA:30,1
DA:31,1
DA:32,0
DA:33,0
DA:34,0
DA:35,0
DA:36,1
DA:37,1
DA:38,1
DA:39,1
DA:40,1
DA:41,1
DA:42,1
DA:43,1
DA:44,1
DA:45,3
DA:46,0
DA:47,0
DA:48,1
DA:49,1
DA:50,1
LF:50
LH:39
BRDA:1,0,0,3
BRDA:1,1,0,3
BRDA:2,2,0,2
BRDA:4,3,0,1
BRDA:45,4,0,0
BRDA:47,5,0,1
BRDA:8,6,0,1
BRDA:12,7,0,0
BRDA:14,8,0,0
BRDA:18,9,0,0
BRDA:23,10,0,1
BRDA:27,11,0,0
BRDA:27,12,0,0
BRDA:31,13,0,0
BRF:14
BRH:7
end_of_record
TN:
SF:src\widgets\HandlersMovie\model\selectors\getUserData.js
FN:1,getIsUserAuth
FN:1,getUserId
FN:1,getUserId
FN:2,getIsUserAuth
FNF:4
FNH:4
FNDA:3,getIsUserAuth
FNDA:1,getUserId
FNDA:1,getUserId
FNDA:3,getIsUserAuth
DA:1,1
DA:2,1
LF:2
LH:2
BRDA:1,0,0,3
BRDA:1,1,0,1
BRDA:1,2,0,1
BRDA:1,3,0,0
BRDA:1,4,0,0
BRDA:1,5,0,0
BRDA:2,6,0,3
BRDA:2,7,0,0
BRDA:2,8,0,1
BRDA:2,9,0,2
BRDA:2,10,0,2
BRDA:2,11,0,1
BRF:12
BRH:8
end_of_record
